<?xml version="1.0" encoding="UTF-8"?>
<!-- Generated by org.testng.reporters.JUnitReportReporter -->
<testsuite skipped="0" hostname="DESKTOP-J71GJ2U" name="runners.RunCucumberTest" tests="2" failures="0" timestamp="31 Dec 2022 06:52:11 GMT" time="11.019" errors="0">
  <testcase name="runScenario" time="6.748" classname="runners.RunCucumberTest"/>
  <testcase name="runScenario" time="4.271" classname="runners.RunCucumberTest"/>
</testsuite> <!-- runners.RunCucumberTest -->
