<?xml version="1.0" encoding="UTF-8"?>
<!-- Generated by org.testng.reporters.JUnitReportReporter -->
<testsuite skipped="0" hostname="DESKTOP-J71GJ2U" name="runners.RunCucumberTest" tests="3" failures="0" timestamp="04 Mar 2023 16:36:16 GMT" time="14.552" errors="0">
  <testcase name="runScenario" time="4.374" classname="runners.RunCucumberTest"/>
  <testcase name="runScenario" time="4.623" classname="runners.RunCucumberTest"/>
  <testcase name="runScenario" time="5.555" classname="runners.RunCucumberTest"/>
</testsuite> <!-- runners.RunCucumberTest -->
