<?xml version="1.0" encoding="UTF-8"?>
<!-- Generated by org.testng.reporters.JUnitReportReporter -->
<testsuite skipped="0" hostname="DESKTOP-J71GJ2U" name="runners.RunCucumberTest" tests="2" failures="0" timestamp="31 Dec 2022 07:19:14 GMT" time="11.433" errors="0">
  <testcase name="runScenario" time="7.664" classname="runners.RunCucumberTest"/>
  <testcase name="runScenario" time="3.769" classname="runners.RunCucumberTest"/>
</testsuite> <!-- runners.RunCucumberTest -->
